Analysis & Synthesis report for xogame
Fri May 13 21:48:12 2016
Quartus II Version 9.1 Build 222 10/21/2009 SJ Web Edition


---------------------
; Table of Contents ;
---------------------
  1. Legal Notice
  2. Analysis & Synthesis Summary
  3. Analysis & Synthesis Settings
  4. Parallel Compilation
  5. Analysis & Synthesis Source Files Read
  6. Analysis & Synthesis Resource Usage Summary
  7. Analysis & Synthesis Resource Utilization by Entity
  8. User-Specified and Inferred Latches
  9. Logic Cells Representing Combinational Loops
 10. General Register Statistics
 11. Multiplexer Restructuring Statistics (Restructuring Performed)
 12. Analysis & Synthesis Messages



----------------
; Legal Notice ;
----------------
Copyright (C) 1991-2009 Altera Corporation
Your use of Altera Corporation's design tools, logic functions 
and other software and tools, and its AMPP partner logic 
functions, and any output files from any of the foregoing 
(including device programming or simulation files), and any 
associated documentation or information are expressly subject 
to the terms and conditions of the Altera Program License 
Subscription Agreement, Altera MegaCore Function License 
Agreement, or other applicable license agreement, including, 
without limitation, that your use is for the sole purpose of 
programming logic devices manufactured by Altera and sold by 
Altera or its authorized distributors.  Please refer to the 
applicable agreement for further details.



+------------------------------------------------------------------------------+
; Analysis & Synthesis Summary                                                 ;
+------------------------------------+-----------------------------------------+
; Analysis & Synthesis Status        ; Successful - Fri May 13 21:48:12 2016   ;
; Quartus II Version                 ; 9.1 Build 222 10/21/2009 SJ Web Edition ;
; Revision Name                      ; xogame                                  ;
; Top-level Entity Name              ; xogame                                  ;
; Family                             ; Cyclone II                              ;
; Total logic elements               ; 106                                     ;
;     Total combinational functions  ; 106                                     ;
;     Dedicated logic registers      ; 0                                       ;
; Total registers                    ; 0                                       ;
; Total pins                         ; 33                                      ;
; Total virtual pins                 ; 0                                       ;
; Total memory bits                  ; 0                                       ;
; Embedded Multiplier 9-bit elements ; 0                                       ;
; Total PLLs                         ; 0                                       ;
+------------------------------------+-----------------------------------------+


+----------------------------------------------------------------------------------------------------------------------+
; Analysis & Synthesis Settings                                                                                        ;
+----------------------------------------------------------------------------+--------------------+--------------------+
; Option                                                                     ; Setting            ; Default Value      ;
+----------------------------------------------------------------------------+--------------------+--------------------+
; Device                                                                     ; EP2C35F672C8       ;                    ;
; Top-level entity name                                                      ; xogame             ; xogame             ;
; Family name                                                                ; Cyclone II         ; Stratix II         ;
; Use Generated Physical Constraints File                                    ; Off                ;                    ;
; Use smart compilation                                                      ; Off                ; Off                ;
; Enable parallel Assembler and TimeQuest Timing Analyzer during compilation ; On                 ; On                 ;
; Enable compact report table                                                ; Off                ; Off                ;
; Restructure Multiplexers                                                   ; Auto               ; Auto               ;
; Create Debugging Nodes for IP Cores                                        ; Off                ; Off                ;
; Preserve fewer node names                                                  ; On                 ; On                 ;
; Disable OpenCore Plus hardware evaluation                                  ; Off                ; Off                ;
; Verilog Version                                                            ; Verilog_2001       ; Verilog_2001       ;
; VHDL Version                                                               ; VHDL_1993          ; VHDL_1993          ;
; State Machine Processing                                                   ; Auto               ; Auto               ;
; Safe State Machine                                                         ; Off                ; Off                ;
; Extract Verilog State Machines                                             ; On                 ; On                 ;
; Extract VHDL State Machines                                                ; On                 ; On                 ;
; Ignore Verilog initial constructs                                          ; Off                ; Off                ;
; Iteration limit for constant Verilog loops                                 ; 5000               ; 5000               ;
; Iteration limit for non-constant Verilog loops                             ; 250                ; 250                ;
; Add Pass-Through Logic to Inferred RAMs                                    ; On                 ; On                 ;
; Parallel Synthesis                                                         ; On                 ; On                 ;
; DSP Block Balancing                                                        ; Auto               ; Auto               ;
; NOT Gate Push-Back                                                         ; On                 ; On                 ;
; Power-Up Don't Care                                                        ; On                 ; On                 ;
; Remove Redundant Logic Cells                                               ; Off                ; Off                ;
; Remove Duplicate Registers                                                 ; On                 ; On                 ;
; Ignore CARRY Buffers                                                       ; Off                ; Off                ;
; Ignore CASCADE Buffers                                                     ; Off                ; Off                ;
; Ignore GLOBAL Buffers                                                      ; Off                ; Off                ;
; Ignore ROW GLOBAL Buffers                                                  ; Off                ; Off                ;
; Ignore LCELL Buffers                                                       ; Off                ; Off                ;
; Ignore SOFT Buffers                                                        ; On                 ; On                 ;
; Limit AHDL Integers to 32 Bits                                             ; Off                ; Off                ;
; Optimization Technique                                                     ; Balanced           ; Balanced           ;
; Carry Chain Length                                                         ; 70                 ; 70                 ;
; Auto Carry Chains                                                          ; On                 ; On                 ;
; Auto Open-Drain Pins                                                       ; On                 ; On                 ;
; Perform WYSIWYG Primitive Resynthesis                                      ; Off                ; Off                ;
; Auto ROM Replacement                                                       ; On                 ; On                 ;
; Auto RAM Replacement                                                       ; On                 ; On                 ;
; Auto Shift Register Replacement                                            ; Auto               ; Auto               ;
; Auto Clock Enable Replacement                                              ; On                 ; On                 ;
; Strict RAM Replacement                                                     ; Off                ; Off                ;
; Allow Synchronous Control Signals                                          ; On                 ; On                 ;
; Force Use of Synchronous Clear Signals                                     ; Off                ; Off                ;
; Auto RAM to Logic Cell Conversion                                          ; Off                ; Off                ;
; Auto Resource Sharing                                                      ; Off                ; Off                ;
; Allow Any RAM Size For Recognition                                         ; Off                ; Off                ;
; Allow Any ROM Size For Recognition                                         ; Off                ; Off                ;
; Allow Any Shift Register Size For Recognition                              ; Off                ; Off                ;
; Use LogicLock Constraints during Resource Balancing                        ; On                 ; On                 ;
; Ignore translate_off and synthesis_off directives                          ; Off                ; Off                ;
; Timing-Driven Synthesis                                                    ; Off                ; Off                ;
; Show Parameter Settings Tables in Synthesis Report                         ; On                 ; On                 ;
; Ignore Maximum Fan-Out Assignments                                         ; Off                ; Off                ;
; Synchronization Register Chain Length                                      ; 2                  ; 2                  ;
; PowerPlay Power Optimization                                               ; Normal compilation ; Normal compilation ;
; HDL message level                                                          ; Level2             ; Level2             ;
; Suppress Register Optimization Related Messages                            ; Off                ; Off                ;
; Number of Removed Registers Reported in Synthesis Report                   ; 100                ; 100                ;
; Number of Inverted Registers Reported in Synthesis Report                  ; 100                ; 100                ;
; Clock MUX Protection                                                       ; On                 ; On                 ;
; Auto Gated Clock Conversion                                                ; Off                ; Off                ;
; Block Design Naming                                                        ; Auto               ; Auto               ;
; SDC constraint protection                                                  ; Off                ; Off                ;
; Synthesis Effort                                                           ; Auto               ; Auto               ;
; Shift Register Replacement - Allow Asynchronous Clear Signal               ; On                 ; On                 ;
; Analysis & Synthesis Message Level                                         ; Medium             ; Medium             ;
; Disable Register Merging Across Hierarchies                                ; Auto               ; Auto               ;
; Resource Aware Inference For Block RAM                                     ; On                 ; On                 ;
+----------------------------------------------------------------------------+--------------------+--------------------+


Parallel compilation was disabled, but you have multiple processors available. Enable parallel compilation to reduce compilation time.
+-------------------------------------+
; Parallel Compilation                ;
+----------------------------+--------+
; Processors                 ; Number ;
+----------------------------+--------+
; Number detected on machine ; 2      ;
; Maximum allowed            ; 1      ;
+----------------------------+--------+


+-------------------------------------------------------------------------------------------------------------------------------------+
; Analysis & Synthesis Source Files Read                                                                                              ;
+----------------------------------+-----------------+------------------------+-------------------------------------------------------+
; File Name with User-Entered Path ; Used in Netlist ; File Type              ; File Name with Absolute Path                          ;
+----------------------------------+-----------------+------------------------+-------------------------------------------------------+
; xogame.v                         ; yes             ; User Verilog HDL File  ; C:/Users/Faiz/Documents/UOS/dld lab/project2/xogame.v ;
+----------------------------------+-----------------+------------------------+-------------------------------------------------------+


+---------------------------------------------------------+
; Analysis & Synthesis Resource Usage Summary             ;
+---------------------------------------------+-----------+
; Resource                                    ; Usage     ;
+---------------------------------------------+-----------+
; Estimated Total logic elements              ; 106       ;
;                                             ;           ;
; Total combinational functions               ; 106       ;
; Logic element usage by number of LUT inputs ;           ;
;     -- 4 input functions                    ; 75        ;
;     -- 3 input functions                    ; 24        ;
;     -- <=2 input functions                  ; 7         ;
;                                             ;           ;
; Logic elements by mode                      ;           ;
;     -- normal mode                          ; 106       ;
;     -- arithmetic mode                      ; 0         ;
;                                             ;           ;
; Total registers                             ; 0         ;
;     -- Dedicated logic registers            ; 0         ;
;     -- I/O registers                        ; 0         ;
;                                             ;           ;
; I/O pins                                    ; 33        ;
; Maximum fan-out node                        ; always0~3 ;
; Maximum fan-out                             ; 34        ;
; Total fan-out                               ; 407       ;
; Average fan-out                             ; 2.93      ;
+---------------------------------------------+-----------+


+-----------------------------------------------------------------------------------------------------------------------------------------------------------------------------+
; Analysis & Synthesis Resource Utilization by Entity                                                                                                                         ;
+----------------------------+-------------------+--------------+-------------+--------------+---------+-----------+------+--------------+---------------------+--------------+
; Compilation Hierarchy Node ; LC Combinationals ; LC Registers ; Memory Bits ; DSP Elements ; DSP 9x9 ; DSP 18x18 ; Pins ; Virtual Pins ; Full Hierarchy Name ; Library Name ;
+----------------------------+-------------------+--------------+-------------+--------------+---------+-----------+------+--------------+---------------------+--------------+
; |xogame                    ; 106 (106)         ; 0 (0)        ; 0           ; 0            ; 0       ; 0         ; 33   ; 0            ; |xogame             ; work         ;
+----------------------------+-------------------+--------------+-------------+--------------+---------+-----------+------+--------------+---------------------+--------------+
Note: For table entries with two numbers listed, the numbers in parentheses indicate the number of resources of the given type used by the specific entity alone. The numbers listed outside of parentheses indicate the total resources of the given type used by the specific entity and all of its sub-entities in the hierarchy.


+----------------------------------------------------------------------------------------------------+
; User-Specified and Inferred Latches                                                                ;
+-----------------------------------------------------+---------------------+------------------------+
; Latch Name                                          ; Latch Enable Signal ; Free of Timing Hazards ;
+-----------------------------------------------------+---------------------+------------------------+
; b1[0]$latch                                         ; b1[1]               ; yes                    ;
; b1[1]$latch                                         ; b1[1]               ; yes                    ;
; b2[0]$latch                                         ; b2[1]               ; yes                    ;
; b2[1]$latch                                         ; b2[1]               ; yes                    ;
; b3[0]$latch                                         ; b3[1]               ; yes                    ;
; b3[1]$latch                                         ; b3[1]               ; yes                    ;
; b4[0]$latch                                         ; b4[1]               ; yes                    ;
; b4[1]$latch                                         ; b4[1]               ; yes                    ;
; b5[0]$latch                                         ; b5[1]               ; yes                    ;
; b5[1]$latch                                         ; b5[1]               ; yes                    ;
; b6[0]$latch                                         ; b6[1]               ; yes                    ;
; b6[1]$latch                                         ; b6[1]               ; yes                    ;
; b7[0]$latch                                         ; b7[1]               ; yes                    ;
; b7[1]$latch                                         ; b7[1]               ; yes                    ;
; b8[0]$latch                                         ; b8[1]               ; yes                    ;
; b8[1]$latch                                         ; b8[1]               ; yes                    ;
; b9[0]$latch                                         ; b9[1]               ; yes                    ;
; b9[1]$latch                                         ; b9[1]               ; yes                    ;
; tie$latch                                           ; GND                 ; yes                    ;
; Number of user-specified and inferred latches = 19  ;                     ;                        ;
+-----------------------------------------------------+---------------------+------------------------+
Note: All latches listed above may not be present at the end of synthesis due to various synthesis optimizations.


+------------------------------------------------------------+
; Logic Cells Representing Combinational Loops               ;
+--------------------------------------------------------+---+
; Logic Cell Name                                        ;   ;
+--------------------------------------------------------+---+
; w1~0                                                   ;   ;
; Number of logic cells representing combinational loops ; 1 ;
+--------------------------------------------------------+---+
Note: All cells listed above may not be present at the end of synthesis due to various synthesis optimizations.


+------------------------------------------------------+
; General Register Statistics                          ;
+----------------------------------------------+-------+
; Statistic                                    ; Value ;
+----------------------------------------------+-------+
; Total registers                              ; 0     ;
; Number of registers using Synchronous Clear  ; 0     ;
; Number of registers using Synchronous Load   ; 0     ;
; Number of registers using Asynchronous Clear ; 0     ;
; Number of registers using Asynchronous Load  ; 0     ;
; Number of registers using Clock Enable       ; 0     ;
; Number of registers using Preset             ; 0     ;
+----------------------------------------------+-------+


+------------------------------------------------------------------------------------------------------------------------------------------+
; Multiplexer Restructuring Statistics (Restructuring Performed)                                                                           ;
+--------------------+-----------+---------------+----------------------+------------------------+------------+----------------------------+
; Multiplexer Inputs ; Bus Width ; Baseline Area ; Area if Restructured ; Saving if Restructured ; Registered ; Example Multiplexer Output ;
+--------------------+-----------+---------------+----------------------+------------------------+------------+----------------------------+
; 5:1                ; 2 bits    ; 6 LEs         ; 4 LEs                ; 2 LEs                  ; No         ; |xogame|b1                 ;
; 7:1                ; 2 bits    ; 8 LEs         ; 4 LEs                ; 4 LEs                  ; No         ; |xogame|b2                 ;
; 9:1                ; 2 bits    ; 12 LEs        ; 4 LEs                ; 8 LEs                  ; No         ; |xogame|b3                 ;
; 11:1               ; 2 bits    ; 14 LEs        ; 4 LEs                ; 10 LEs                 ; No         ; |xogame|b4                 ;
; 13:1               ; 2 bits    ; 16 LEs        ; 4 LEs                ; 12 LEs                 ; No         ; |xogame|b5                 ;
; 15:1               ; 2 bits    ; 20 LEs        ; 4 LEs                ; 16 LEs                 ; No         ; |xogame|b6                 ;
; 17:1               ; 2 bits    ; 22 LEs        ; 4 LEs                ; 18 LEs                 ; No         ; |xogame|b7                 ;
; 19:1               ; 2 bits    ; 24 LEs        ; 4 LEs                ; 20 LEs                 ; No         ; |xogame|b8                 ;
+--------------------+-----------+---------------+----------------------+------------------------+------------+----------------------------+


+-------------------------------+
; Analysis & Synthesis Messages ;
+-------------------------------+
Info: *******************************************************************
Info: Running Quartus II Analysis & Synthesis
    Info: Version 9.1 Build 222 10/21/2009 SJ Web Edition
    Info: Processing started: Fri May 13 21:48:10 2016
Info: Command: quartus_map --read_settings_files=on --write_settings_files=off xogame -c xogame
Info: Found 1 design units, including 1 entities, in source file xogame.v
    Info: Found entity 1: xogame
Info: Elaborating entity "xogame" for the top level hierarchy
Warning (10240): Verilog HDL Always Construct warning at xogame.v(19): inferring latch(es) for variable "b1", which holds its previous value in one or more paths through the always construct
Warning (10240): Verilog HDL Always Construct warning at xogame.v(19): inferring latch(es) for variable "b2", which holds its previous value in one or more paths through the always construct
Warning (10240): Verilog HDL Always Construct warning at xogame.v(19): inferring latch(es) for variable "b3", which holds its previous value in one or more paths through the always construct
Warning (10240): Verilog HDL Always Construct warning at xogame.v(19): inferring latch(es) for variable "b4", which holds its previous value in one or more paths through the always construct
Warning (10240): Verilog HDL Always Construct warning at xogame.v(19): inferring latch(es) for variable "b5", which holds its previous value in one or more paths through the always construct
Warning (10240): Verilog HDL Always Construct warning at xogame.v(19): inferring latch(es) for variable "b6", which holds its previous value in one or more paths through the always construct
Warning (10240): Verilog HDL Always Construct warning at xogame.v(19): inferring latch(es) for variable "b7", which holds its previous value in one or more paths through the always construct
Warning (10240): Verilog HDL Always Construct warning at xogame.v(19): inferring latch(es) for variable "b8", which holds its previous value in one or more paths through the always construct
Warning (10240): Verilog HDL Always Construct warning at xogame.v(19): inferring latch(es) for variable "b9", which holds its previous value in one or more paths through the always construct
Warning (10240): Verilog HDL Always Construct warning at xogame.v(19): inferring latch(es) for variable "tie", which holds its previous value in one or more paths through the always construct
Info (10041): Inferred latch for "tie" at xogame.v(105)
Info (10041): Inferred latch for "b9[0]" at xogame.v(105)
Info (10041): Inferred latch for "b9[1]" at xogame.v(105)
Info (10041): Inferred latch for "b8[0]" at xogame.v(105)
Info (10041): Inferred latch for "b8[1]" at xogame.v(105)
Info (10041): Inferred latch for "b7[0]" at xogame.v(105)
Info (10041): Inferred latch for "b7[1]" at xogame.v(105)
Info (10041): Inferred latch for "b6[0]" at xogame.v(105)
Info (10041): Inferred latch for "b6[1]" at xogame.v(105)
Info (10041): Inferred latch for "b5[0]" at xogame.v(105)
Info (10041): Inferred latch for "b5[1]" at xogame.v(105)
Info (10041): Inferred latch for "b4[0]" at xogame.v(105)
Info (10041): Inferred latch for "b4[1]" at xogame.v(105)
Info (10041): Inferred latch for "b3[0]" at xogame.v(105)
Info (10041): Inferred latch for "b3[1]" at xogame.v(105)
Info (10041): Inferred latch for "b2[0]" at xogame.v(105)
Info (10041): Inferred latch for "b2[1]" at xogame.v(105)
Info (10041): Inferred latch for "b1[0]" at xogame.v(105)
Info (10041): Inferred latch for "b1[1]" at xogame.v(105)
Warning: Latch b1[0]$latch has unsafe behavior
    Warning: Ports D and ENA on the latch are fed by the same signal Xin
Warning: Latch b1[1]$latch has unsafe behavior
    Warning: Ports D and ENA on the latch are fed by the same signal Xin
Warning: Latch b2[0]$latch has unsafe behavior
    Warning: Ports D and ENA on the latch are fed by the same signal Xin
Warning: Latch b2[1]$latch has unsafe behavior
    Warning: Ports D and ENA on the latch are fed by the same signal Xin
Warning: Latch b3[0]$latch has unsafe behavior
    Warning: Ports D and ENA on the latch are fed by the same signal Xin
Warning: Latch b3[1]$latch has unsafe behavior
    Warning: Ports D and ENA on the latch are fed by the same signal Xin
Warning: Latch b4[0]$latch has unsafe behavior
    Warning: Ports D and ENA on the latch are fed by the same signal Xin
Warning: Latch b4[1]$latch has unsafe behavior
    Warning: Ports D and ENA on the latch are fed by the same signal Xin
Warning: Latch b5[0]$latch has unsafe behavior
    Warning: Ports D and ENA on the latch are fed by the same signal Xin
Warning: Latch b5[1]$latch has unsafe behavior
    Warning: Ports D and ENA on the latch are fed by the same signal Xin
Warning: Latch b6[0]$latch has unsafe behavior
    Warning: Ports D and ENA on the latch are fed by the same signal Xin
Warning: Latch b6[1]$latch has unsafe behavior
    Warning: Ports D and ENA on the latch are fed by the same signal Xin
Warning: Latch b7[0]$latch has unsafe behavior
    Warning: Ports D and ENA on the latch are fed by the same signal Xin
Warning: Latch b7[1]$latch has unsafe behavior
    Warning: Ports D and ENA on the latch are fed by the same signal Xin
Warning: Latch b8[0]$latch has unsafe behavior
    Warning: Ports D and ENA on the latch are fed by the same signal Xin
Warning: Latch b8[1]$latch has unsafe behavior
    Warning: Ports D and ENA on the latch are fed by the same signal Xin
Warning: Latch b9[0]$latch has unsafe behavior
    Warning: Ports D and ENA on the latch are fed by the same signal Xin
Warning: Latch b9[1]$latch has unsafe behavior
    Warning: Ports D and ENA on the latch are fed by the same signal Xin
Info: Implemented 139 device resources after synthesis - the final resource count might be different
    Info: Implemented 12 input pins
    Info: Implemented 21 output pins
    Info: Implemented 106 logic cells
Info: Quartus II Analysis & Synthesis was successful. 0 errors, 46 warnings
    Info: Peak virtual memory: 239 megabytes
    Info: Processing ended: Fri May 13 21:48:12 2016
    Info: Elapsed time: 00:00:02
    Info: Total CPU time (on all processors): 00:00:04


